Build started 2/09/2015 8:26:11 AM.
     1>Project "C:\Users\shane.coates\shane.coates_AIE-Blue-21_2811\shane.coates_AIE-Blue-21_2811\2014_Cohort\1st_Year\Students\shane.coates_adv_green\Assessments\01 - Retro Game\Project Source\AIE Template.vcxproj" on node 2 (Build target(s)).
     1>ClCompile:
         C:\Program Files (x86)\Microsoft Visual Studio 12.0\VC\bin\CL.exe /c /I./ /I./include/ /I./libs/irrklang/inc/ /ZI /nologo /W3 /WX- /Od /Oy- /D WIN32 /D _DEBUG /D _WINDOWS /D _MBCS /Gm /EHsc /RTC1 /MDd /GS /fp:precise /Zc:wchar_t /Zc:forScope /Fo"obj\\" /Fd"obj\vc120.pdb" /Gd /TC /analyze- /errorReport:prompt libs\sqlite\sqlite3.c
         sqlite3.c
         C:\Program Files (x86)\Microsoft Visual Studio 12.0\VC\bin\CL.exe /c /I./ /I./include/ /I./libs/irrklang/inc/ /ZI /nologo /W3 /WX- /Od /Oy- /D WIN32 /D _DEBUG /D _WINDOWS /D _MBCS /Gm /EHsc /RTC1 /MDd /GS /fp:precise /Zc:wchar_t /Zc:forScope /Fo"obj\\" /Fd"obj\vc120.pdb" /Gd /TP /analyze- /errorReport:prompt source\Apple.cpp source\Background.cpp source\Game.cpp source\HighScoreState.cpp source\Lamp.cpp source\Light.cpp source\LightsOptions.cpp source\MenuState.cpp source\main.cpp source\NewHighScore.cpp source\OptionState.cpp source\Player.cpp source\PlayState.cpp source\ScoreEntry.cpp source\ScrollingText.cpp source\SoundOptions.cpp source\SplashState.cpp source\Wall.cpp
         Wall.cpp
     1>c:\users\shane.coates\shane.coates_aie-blue-21_2811\shane.coates_aie-blue-21_2811\2014_cohort\1st_year\students\shane.coates_adv_green\assessments\01 - retro game\project source\source\game.h(101): warning C4244: 'return' : conversion from 'float' to 'unsigned int', possible loss of data
     1>c:\users\shane.coates\shane.coates_aie-blue-21_2811\shane.coates_aie-blue-21_2811\2014_cohort\1st_year\students\shane.coates_adv_green\assessments\01 - retro game\project source\source\wall.cpp(13): warning C4244: '=' : conversion from 'int' to 'float', possible loss of data
     1>c:\users\shane.coates\shane.coates_aie-blue-21_2811\shane.coates_aie-blue-21_2811\2014_cohort\1st_year\students\shane.coates_adv_green\assessments\01 - retro game\project source\source\wall.cpp(20): warning C4305: '*=' : truncation from 'double' to 'float'
     1>c:\users\shane.coates\shane.coates_aie-blue-21_2811\shane.coates_aie-blue-21_2811\2014_cohort\1st_year\students\shane.coates_adv_green\assessments\01 - retro game\project source\source\wall.cpp(22): warning C4244: '=' : conversion from 'float' to 'unsigned int', possible loss of data
     1>c:\users\shane.coates\shane.coates_aie-blue-21_2811\shane.coates_aie-blue-21_2811\2014_cohort\1st_year\students\shane.coates_adv_green\assessments\01 - retro game\project source\source\wall.cpp(26): warning C4244: '=' : conversion from 'unsigned int' to 'float', possible loss of data
     1>c:\users\shane.coates\shane.coates_aie-blue-21_2811\shane.coates_aie-blue-21_2811\2014_cohort\1st_year\students\shane.coates_adv_green\assessments\01 - retro game\project source\source\wall.cpp(33): warning C4244: 'argument' : conversion from 'float' to 'int', possible loss of data
     1>c:\users\shane.coates\shane.coates_aie-blue-21_2811\shane.coates_aie-blue-21_2811\2014_cohort\1st_year\students\shane.coates_adv_green\assessments\01 - retro game\project source\source\wall.cpp(36): warning C4244: 'argument' : conversion from 'float' to 'int', possible loss of data
     1>c:\users\shane.coates\shane.coates_aie-blue-21_2811\shane.coates_aie-blue-21_2811\2014_cohort\1st_year\students\shane.coates_adv_green\assessments\01 - retro game\project source\source\wall.cpp(38): warning C4244: 'argument' : conversion from 'float' to 'int', possible loss of data
     1>c:\users\shane.coates\shane.coates_aie-blue-21_2811\shane.coates_aie-blue-21_2811\2014_cohort\1st_year\students\shane.coates_adv_green\assessments\01 - retro game\project source\source\wall.cpp(63): warning C4244: 'argument' : conversion from 'unsigned int' to 'float', possible loss of data
         SplashState.cpp
     1>c:\users\shane.coates\shane.coates_aie-blue-21_2811\shane.coates_aie-blue-21_2811\2014_cohort\1st_year\students\shane.coates_adv_green\assessments\01 - retro game\project source\source\game.h(101): warning C4244: 'return' : conversion from 'float' to 'unsigned int', possible loss of data
     1>c:\users\shane.coates\shane.coates_aie-blue-21_2811\shane.coates_aie-blue-21_2811\2014_cohort\1st_year\students\shane.coates_adv_green\assessments\01 - retro game\project source\source\splashstate.cpp(25): warning C4244: 'argument' : conversion from 'unsigned int' to 'float', possible loss of data
         SoundOptions.cpp
     1>c:\users\shane.coates\shane.coates_aie-blue-21_2811\shane.coates_aie-blue-21_2811\2014_cohort\1st_year\students\shane.coates_adv_green\assessments\01 - retro game\project source\source\game.h(101): warning C4244: 'return' : conversion from 'float' to 'unsigned int', possible loss of data
     1>c:\users\shane.coates\shane.coates_aie-blue-21_2811\shane.coates_aie-blue-21_2811\2014_cohort\1st_year\students\shane.coates_adv_green\assessments\01 - retro game\project source\source\soundoptions.cpp(62): warning C4996: 'sprintf': This function or variable may be unsafe. Consider using sprintf_s instead. To disable deprecation, use _CRT_SECURE_NO_WARNINGS. See online help for details.
                 c:\program files (x86)\microsoft visual studio 12.0\vc\include\stdio.h(356) : see declaration of 'sprintf'
     1>c:\users\shane.coates\shane.coates_aie-blue-21_2811\shane.coates_aie-blue-21_2811\2014_cohort\1st_year\students\shane.coates_adv_green\assessments\01 - retro game\project source\source\soundoptions.cpp(237): warning C4244: 'argument' : conversion from 'unsigned int' to 'float', possible loss of data
     1>c:\users\shane.coates\shane.coates_aie-blue-21_2811\shane.coates_aie-blue-21_2811\2014_cohort\1st_year\students\shane.coates_adv_green\assessments\01 - retro game\project source\source\soundoptions.cpp(249): warning C4800: 'unsigned int' : forcing value to bool 'true' or 'false' (performance warning)
         ScrollingText.cpp
     1>c:\users\shane.coates\shane.coates_aie-blue-21_2811\shane.coates_aie-blue-21_2811\2014_cohort\1st_year\students\shane.coates_adv_green\assessments\01 - retro game\project source\source\game.h(101): warning C4244: 'return' : conversion from 'float' to 'unsigned int', possible loss of data
     1>c:\users\shane.coates\shane.coates_aie-blue-21_2811\shane.coates_aie-blue-21_2811\2014_cohort\1st_year\students\shane.coates_adv_green\assessments\01 - retro game\project source\source\scrollingtext.cpp(15): warning C4244: '=' : conversion from 'double' to 'float', possible loss of data
     1>c:\users\shane.coates\shane.coates_aie-blue-21_2811\shane.coates_aie-blue-21_2811\2014_cohort\1st_year\students\shane.coates_adv_green\assessments\01 - retro game\project source\source\scrollingtext.cpp(17): warning C4244: '=' : conversion from 'unsigned int' to 'float', possible loss of data
     1>c:\users\shane.coates\shane.coates_aie-blue-21_2811\shane.coates_aie-blue-21_2811\2014_cohort\1st_year\students\shane.coates_adv_green\assessments\01 - retro game\project source\source\scrollingtext.cpp(35): warning C4244: 'argument' : conversion from 'float' to 'int', possible loss of data
         ScoreEntry.cpp
     1>c:\users\shane.coates\shane.coates_aie-blue-21_2811\shane.coates_aie-blue-21_2811\2014_cohort\1st_year\students\shane.coates_adv_green\assessments\01 - retro game\project source\source\scoreentry.cpp(6): warning C4996: 'strcpy': This function or variable may be unsafe. Consider using strcpy_s instead. To disable deprecation, use _CRT_SECURE_NO_WARNINGS. See online help for details.
                 c:\program files (x86)\microsoft visual studio 12.0\vc\include\string.h(112) : see declaration of 'strcpy'
     1>c:\users\shane.coates\shane.coates_aie-blue-21_2811\shane.coates_aie-blue-21_2811\2014_cohort\1st_year\students\shane.coates_adv_green\assessments\01 - retro game\project source\source\scoreentry.cpp(12): warning C4996: 'strcpy': This function or variable may be unsafe. Consider using strcpy_s instead. To disable deprecation, use _CRT_SECURE_NO_WARNINGS. See online help for details.
                 c:\program files (x86)\microsoft visual studio 12.0\vc\include\string.h(112) : see declaration of 'strcpy'
         PlayState.cpp
     1>c:\users\shane.coates\shane.coates_aie-blue-21_2811\shane.coates_aie-blue-21_2811\2014_cohort\1st_year\students\shane.coates_adv_green\assessments\01 - retro game\project source\source\game.h(101): warning C4244: 'return' : conversion from 'float' to 'unsigned int', possible loss of data
     1>c:\users\shane.coates\shane.coates_aie-blue-21_2811\shane.coates_aie-blue-21_2811\2014_cohort\1st_year\students\shane.coates_adv_green\assessments\01 - retro game\project source\source\playstate.cpp(48): warning C4244: '+=' : conversion from 'float' to 'unsigned int', possible loss of data
     1>c:\users\shane.coates\shane.coates_aie-blue-21_2811\shane.coates_aie-blue-21_2811\2014_cohort\1st_year\students\shane.coates_adv_green\assessments\01 - retro game\project source\source\playstate.cpp(86): warning C4996: 'sprintf': This function or variable may be unsafe. Consider using sprintf_s instead. To disable deprecation, use _CRT_SECURE_NO_WARNINGS. See online help for details.
                 c:\program files (x86)\microsoft visual studio 12.0\vc\include\stdio.h(356) : see declaration of 'sprintf'
     1>c:\users\shane.coates\shane.coates_aie-blue-21_2811\shane.coates_aie-blue-21_2811\2014_cohort\1st_year\students\shane.coates_adv_green\assessments\01 - retro game\project source\source\playstate.cpp(104): warning C4244: 'argument' : conversion from 'int' to 'float', possible loss of data
     1>c:\users\shane.coates\shane.coates_aie-blue-21_2811\shane.coates_aie-blue-21_2811\2014_cohort\1st_year\students\shane.coates_adv_green\assessments\01 - retro game\project source\source\playstate.cpp(129): warning C4244: 'return' : conversion from 'float' to 'unsigned int', possible loss of data
         Player.cpp
     1>c:\users\shane.coates\shane.coates_aie-blue-21_2811\shane.coates_aie-blue-21_2811\2014_cohort\1st_year\students\shane.coates_adv_green\assessments\01 - retro game\project source\source\game.h(101): warning C4244: 'return' : conversion from 'float' to 'unsigned int', possible loss of data
         OptionState.cpp
     1>c:\users\shane.coates\shane.coates_aie-blue-21_2811\shane.coates_aie-blue-21_2811\2014_cohort\1st_year\students\shane.coates_adv_green\assessments\01 - retro game\project source\source\game.h(101): warning C4244: 'return' : conversion from 'float' to 'unsigned int', possible loss of data
     1>c:\users\shane.coates\shane.coates_aie-blue-21_2811\shane.coates_aie-blue-21_2811\2014_cohort\1st_year\students\shane.coates_adv_green\assessments\01 - retro game\project source\source\optionstate.cpp(61): warning C4996: 'sprintf': This function or variable may be unsafe. Consider using sprintf_s instead. To disable deprecation, use _CRT_SECURE_NO_WARNINGS. See online help for details.
                 c:\program files (x86)\microsoft visual studio 12.0\vc\include\stdio.h(356) : see declaration of 'sprintf'
     1>c:\users\shane.coates\shane.coates_aie-blue-21_2811\shane.coates_aie-blue-21_2811\2014_cohort\1st_year\students\shane.coates_adv_green\assessments\01 - retro game\project source\source\optionstate.cpp(243): warning C4244: 'argument' : conversion from 'unsigned int' to 'float', possible loss of data
     1>c:\users\shane.coates\shane.coates_aie-blue-21_2811\shane.coates_aie-blue-21_2811\2014_cohort\1st_year\students\shane.coates_adv_green\assessments\01 - retro game\project source\source\optionstate.cpp(255): warning C4800: 'unsigned int' : forcing value to bool 'true' or 'false' (performance warning)
         NewHighScore.cpp
     1>c:\users\shane.coates\shane.coates_aie-blue-21_2811\shane.coates_aie-blue-21_2811\2014_cohort\1st_year\students\shane.coates_adv_green\assessments\01 - retro game\project source\source\game.h(101): warning C4244: 'return' : conversion from 'float' to 'unsigned int', possible loss of data
     1>c:\users\shane.coates\shane.coates_aie-blue-21_2811\shane.coates_aie-blue-21_2811\2014_cohort\1st_year\students\shane.coates_adv_green\assessments\01 - retro game\project source\source\newhighscore.cpp(52): warning C4244: '+=' : conversion from 'float' to 'int', possible loss of data
     1>c:\users\shane.coates\shane.coates_aie-blue-21_2811\shane.coates_aie-blue-21_2811\2014_cohort\1st_year\students\shane.coates_adv_green\assessments\01 - retro game\project source\source\newhighscore.cpp(59): warning C4996: 'sprintf': This function or variable may be unsafe. Consider using sprintf_s instead. To disable deprecation, use _CRT_SECURE_NO_WARNINGS. See online help for details.
                 c:\program files (x86)\microsoft visual studio 12.0\vc\include\stdio.h(356) : see declaration of 'sprintf'
     1>c:\users\shane.coates\shane.coates_aie-blue-21_2811\shane.coates_aie-blue-21_2811\2014_cohort\1st_year\students\shane.coates_adv_green\assessments\01 - retro game\project source\source\newhighscore.cpp(60): warning C4244: 'argument' : conversion from 'float' to 'int', possible loss of data
     1>c:\users\shane.coates\shane.coates_aie-blue-21_2811\shane.coates_aie-blue-21_2811\2014_cohort\1st_year\students\shane.coates_adv_green\assessments\01 - retro game\project source\source\newhighscore.cpp(63): warning C4996: 'sprintf': This function or variable may be unsafe. Consider using sprintf_s instead. To disable deprecation, use _CRT_SECURE_NO_WARNINGS. See online help for details.
                 c:\program files (x86)\microsoft visual studio 12.0\vc\include\stdio.h(356) : see declaration of 'sprintf'
     1>c:\users\shane.coates\shane.coates_aie-blue-21_2811\shane.coates_aie-blue-21_2811\2014_cohort\1st_year\students\shane.coates_adv_green\assessments\01 - retro game\project source\source\newhighscore.cpp(64): warning C4244: 'argument' : conversion from 'float' to 'int', possible loss of data
     1>c:\users\shane.coates\shane.coates_aie-blue-21_2811\shane.coates_aie-blue-21_2811\2014_cohort\1st_year\students\shane.coates_adv_green\assessments\01 - retro game\project source\source\newhighscore.cpp(115): warning C4996: 'sprintf': This function or variable may be unsafe. Consider using sprintf_s instead. To disable deprecation, use _CRT_SECURE_NO_WARNINGS. See online help for details.
                 c:\program files (x86)\microsoft visual studio 12.0\vc\include\stdio.h(356) : see declaration of 'sprintf'
         main.cpp
     1>c:\users\shane.coates\shane.coates_aie-blue-21_2811\shane.coates_aie-blue-21_2811\2014_cohort\1st_year\students\shane.coates_adv_green\assessments\01 - retro game\project source\source\game.h(101): warning C4244: 'return' : conversion from 'float' to 'unsigned int', possible loss of data
         MenuState.cpp
     1>c:\users\shane.coates\shane.coates_aie-blue-21_2811\shane.coates_aie-blue-21_2811\2014_cohort\1st_year\students\shane.coates_adv_green\assessments\01 - retro game\project source\source\game.h(101): warning C4244: 'return' : conversion from 'float' to 'unsigned int', possible loss of data
         LightsOptions.cpp
     1>c:\users\shane.coates\shane.coates_aie-blue-21_2811\shane.coates_aie-blue-21_2811\2014_cohort\1st_year\students\shane.coates_adv_green\assessments\01 - retro game\project source\source\game.h(101): warning C4244: 'return' : conversion from 'float' to 'unsigned int', possible loss of data
     1>c:\users\shane.coates\shane.coates_aie-blue-21_2811\shane.coates_aie-blue-21_2811\2014_cohort\1st_year\students\shane.coates_adv_green\assessments\01 - retro game\project source\source\lightsoptions.cpp(62): warning C4996: 'sprintf': This function or variable may be unsafe. Consider using sprintf_s instead. To disable deprecation, use _CRT_SECURE_NO_WARNINGS. See online help for details.
                 c:\program files (x86)\microsoft visual studio 12.0\vc\include\stdio.h(356) : see declaration of 'sprintf'
     1>c:\users\shane.coates\shane.coates_aie-blue-21_2811\shane.coates_aie-blue-21_2811\2014_cohort\1st_year\students\shane.coates_adv_green\assessments\01 - retro game\project source\source\lightsoptions.cpp(65): warning C4996: 'sprintf': This function or variable may be unsafe. Consider using sprintf_s instead. To disable deprecation, use _CRT_SECURE_NO_WARNINGS. See online help for details.
                 c:\program files (x86)\microsoft visual studio 12.0\vc\include\stdio.h(356) : see declaration of 'sprintf'
     1>c:\users\shane.coates\shane.coates_aie-blue-21_2811\shane.coates_aie-blue-21_2811\2014_cohort\1st_year\students\shane.coates_adv_green\assessments\01 - retro game\project source\source\lightsoptions.cpp(68): warning C4996: 'sprintf': This function or variable may be unsafe. Consider using sprintf_s instead. To disable deprecation, use _CRT_SECURE_NO_WARNINGS. See online help for details.
                 c:\program files (x86)\microsoft visual studio 12.0\vc\include\stdio.h(356) : see declaration of 'sprintf'
     1>c:\users\shane.coates\shane.coates_aie-blue-21_2811\shane.coates_aie-blue-21_2811\2014_cohort\1st_year\students\shane.coates_adv_green\assessments\01 - retro game\project source\source\lightsoptions.cpp(251): warning C4244: 'argument' : conversion from 'unsigned int' to 'float', possible loss of data
     1>c:\users\shane.coates\shane.coates_aie-blue-21_2811\shane.coates_aie-blue-21_2811\2014_cohort\1st_year\students\shane.coates_adv_green\assessments\01 - retro game\project source\source\lightsoptions.cpp(263): warning C4800: 'unsigned int' : forcing value to bool 'true' or 'false' (performance warning)
         Light.cpp
     1>c:\users\shane.coates\shane.coates_aie-blue-21_2811\shane.coates_aie-blue-21_2811\2014_cohort\1st_year\students\shane.coates_adv_green\assessments\01 - retro game\project source\source\game.h(101): warning C4244: 'return' : conversion from 'float' to 'unsigned int', possible loss of data
     1>c:\users\shane.coates\shane.coates_aie-blue-21_2811\shane.coates_aie-blue-21_2811\2014_cohort\1st_year\students\shane.coates_adv_green\assessments\01 - retro game\project source\source\light.cpp(20): warning C4244: '=' : conversion from 'int' to 'float', possible loss of data
     1>c:\users\shane.coates\shane.coates_aie-blue-21_2811\shane.coates_aie-blue-21_2811\2014_cohort\1st_year\students\shane.coates_adv_green\assessments\01 - retro game\project source\source\light.cpp(33): warning C4244: 'argument' : conversion from 'float' to 'int', possible loss of data
     1>c:\users\shane.coates\shane.coates_aie-blue-21_2811\shane.coates_aie-blue-21_2811\2014_cohort\1st_year\students\shane.coates_adv_green\assessments\01 - retro game\project source\source\light.cpp(49): warning C4244: 'argument' : conversion from 'float' to 'unsigned char', possible loss of data
         Lamp.cpp
     1>c:\users\shane.coates\shane.coates_aie-blue-21_2811\shane.coates_aie-blue-21_2811\2014_cohort\1st_year\students\shane.coates_adv_green\assessments\01 - retro game\project source\source\game.h(101): warning C4244: 'return' : conversion from 'float' to 'unsigned int', possible loss of data
     1>c:\users\shane.coates\shane.coates_aie-blue-21_2811\shane.coates_aie-blue-21_2811\2014_cohort\1st_year\students\shane.coates_adv_green\assessments\01 - retro game\project source\source\lamp.cpp(20): warning C4244: 'argument' : conversion from 'float' to 'int', possible loss of data
         HighScoreState.cpp
     1>c:\users\shane.coates\shane.coates_aie-blue-21_2811\shane.coates_aie-blue-21_2811\2014_cohort\1st_year\students\shane.coates_adv_green\assessments\01 - retro game\project source\source\game.h(101): warning C4244: 'return' : conversion from 'float' to 'unsigned int', possible loss of data
     1>c:\users\shane.coates\shane.coates_aie-blue-21_2811\shane.coates_aie-blue-21_2811\2014_cohort\1st_year\students\shane.coates_adv_green\assessments\01 - retro game\project source\source\highscorestate.cpp(78): warning C4996: 'sprintf': This function or variable may be unsafe. Consider using sprintf_s instead. To disable deprecation, use _CRT_SECURE_NO_WARNINGS. See online help for details.
                 c:\program files (x86)\microsoft visual studio 12.0\vc\include\stdio.h(356) : see declaration of 'sprintf'
     1>c:\users\shane.coates\shane.coates_aie-blue-21_2811\shane.coates_aie-blue-21_2811\2014_cohort\1st_year\students\shane.coates_adv_green\assessments\01 - retro game\project source\source\highscorestate.cpp(82): warning C4996: 'sprintf': This function or variable may be unsafe. Consider using sprintf_s instead. To disable deprecation, use _CRT_SECURE_NO_WARNINGS. See online help for details.
                 c:\program files (x86)\microsoft visual studio 12.0\vc\include\stdio.h(356) : see declaration of 'sprintf'
     1>c:\users\shane.coates\shane.coates_aie-blue-21_2811\shane.coates_aie-blue-21_2811\2014_cohort\1st_year\students\shane.coates_adv_green\assessments\01 - retro game\project source\source\highscorestate.cpp(134): warning C4018: '<' : signed/unsigned mismatch
     1>c:\users\shane.coates\shane.coates_aie-blue-21_2811\shane.coates_aie-blue-21_2811\2014_cohort\1st_year\students\shane.coates_adv_green\assessments\01 - retro game\project source\source\highscorestate.cpp(136): warning C4018: '<' : signed/unsigned mismatch
         Game.cpp
     1>c:\users\shane.coates\shane.coates_aie-blue-21_2811\shane.coates_aie-blue-21_2811\2014_cohort\1st_year\students\shane.coates_adv_green\assessments\01 - retro game\project source\source\game.h(101): warning C4244: 'return' : conversion from 'float' to 'unsigned int', possible loss of data
     1>c:\users\shane.coates\shane.coates_aie-blue-21_2811\shane.coates_aie-blue-21_2811\2014_cohort\1st_year\students\shane.coates_adv_green\assessments\01 - retro game\project source\source\game.cpp(379): warning C4244: 'argument' : conversion from 'float' to 'int', possible loss of data
     1>c:\users\shane.coates\shane.coates_aie-blue-21_2811\shane.coates_aie-blue-21_2811\2014_cohort\1st_year\students\shane.coates_adv_green\assessments\01 - retro game\project source\source\game.cpp(386): warning C4244: 'argument' : conversion from 'float' to 'int', possible loss of data
         Background.cpp
     1>c:\users\shane.coates\shane.coates_aie-blue-21_2811\shane.coates_aie-blue-21_2811\2014_cohort\1st_year\students\shane.coates_adv_green\assessments\01 - retro game\project source\source\game.h(101): warning C4244: 'return' : conversion from 'float' to 'unsigned int', possible loss of data
     1>c:\users\shane.coates\shane.coates_aie-blue-21_2811\shane.coates_aie-blue-21_2811\2014_cohort\1st_year\students\shane.coates_adv_green\assessments\01 - retro game\project source\source\background.cpp(195): warning C4244: 'argument' : conversion from 'float' to 'int', possible loss of data
         Apple.cpp
     1>c:\users\shane.coates\shane.coates_aie-blue-21_2811\shane.coates_aie-blue-21_2811\2014_cohort\1st_year\students\shane.coates_adv_green\assessments\01 - retro game\project source\source\game.h(101): warning C4244: 'return' : conversion from 'float' to 'unsigned int', possible loss of data
     1>c:\users\shane.coates\shane.coates_aie-blue-21_2811\shane.coates_aie-blue-21_2811\2014_cohort\1st_year\students\shane.coates_adv_green\assessments\01 - retro game\project source\source\apple.cpp(17): warning C4244: '=' : conversion from 'int' to 'float', possible loss of data
     1>c:\users\shane.coates\shane.coates_aie-blue-21_2811\shane.coates_aie-blue-21_2811\2014_cohort\1st_year\students\shane.coates_adv_green\assessments\01 - retro game\project source\source\apple.cpp(21): warning C4244: 'argument' : conversion from 'float' to 'int', possible loss of data
         Generating Code...
     1>c:\users\shane.coates\shane.coates_aie-blue-21_2811\shane.coates_aie-blue-21_2811\2014_cohort\1st_year\students\shane.coates_adv_green\assessments\01 - retro game\project source\source\lightsoptions.cpp(215): warning C4715: 'LightOptionState::IsSavePressed' : not all control paths return a value
     1>c:\users\shane.coates\shane.coates_aie-blue-21_2811\shane.coates_aie-blue-21_2811\2014_cohort\1st_year\students\shane.coates_adv_green\assessments\01 - retro game\project source\source\lightsoptions.cpp(221): warning C4715: 'LightOptionState::IsLoadPressed' : not all control paths return a value
     1>c:\users\shane.coates\shane.coates_aie-blue-21_2811\shane.coates_aie-blue-21_2811\2014_cohort\1st_year\students\shane.coates_adv_green\assessments\01 - retro game\project source\source\optionstate.cpp(206): warning C4715: 'OptionState::IsSavePressed' : not all control paths return a value
     1>c:\users\shane.coates\shane.coates_aie-blue-21_2811\shane.coates_aie-blue-21_2811\2014_cohort\1st_year\students\shane.coates_adv_green\assessments\01 - retro game\project source\source\optionstate.cpp(212): warning C4715: 'OptionState::IsLoadPressed' : not all control paths return a value
     1>c:\users\shane.coates\shane.coates_aie-blue-21_2811\shane.coates_aie-blue-21_2811\2014_cohort\1st_year\students\shane.coates_adv_green\assessments\01 - retro game\project source\source\soundoptions.cpp(200): warning C4715: 'SoundOptionState::IsSavePressed' : not all control paths return a value
     1>c:\users\shane.coates\shane.coates_aie-blue-21_2811\shane.coates_aie-blue-21_2811\2014_cohort\1st_year\students\shane.coates_adv_green\assessments\01 - retro game\project source\source\soundoptions.cpp(206): warning C4715: 'SoundOptionState::IsLoadPressed' : not all control paths return a value
       Link:
         C:\Program Files (x86)\Microsoft Visual Studio 12.0\VC\bin\link.exe /ERRORREPORT:PROMPT /OUT:"bin\Flappy BAt_d.exe" /INCREMENTAL /NOLOGO /LIBPATH:./libs /LIBPATH:./libs/irrklang/lib/ AIE_1st_Year_Framework_d.lib kernel32.lib irrKlang.lib kernel32.lib user32.lib gdi32.lib winspool.lib comdlg32.lib advapi32.lib shell32.lib ole32.lib oleaut32.lib uuid.lib odbc32.lib odbccp32.lib /MANIFEST /MANIFESTUAC:"level='asInvoker' uiAccess='false'" /manifest:embed /DEBUG /PDB:"bin\Flappy BAt_d.pdb" /TLBID:1 /DYNAMICBASE /NXCOMPAT /IMPLIB:"bin\Flappy BAt_d.lib" /MACHINE:X86 obj\sqlite3.obj
         obj\Apple.obj
         obj\Background.obj
         obj\Game.obj
         obj\HighScoreState.obj
         obj\Lamp.obj
         obj\Light.obj
         obj\LightsOptions.obj
         obj\MenuState.obj
         obj\main.obj
         obj\NewHighScore.obj
         obj\OptionState.obj
         obj\Player.obj
         obj\PlayState.obj
         obj\ScoreEntry.obj
         obj\ScrollingText.obj
         obj\SoundOptions.obj
         obj\SplashState.obj
         obj\Wall.obj
     1>AIE_1st_Year_Framework_d.lib(AIE.obj) : error LNK2038: mismatch detected for '_MSC_VER': value '1700' doesn't match value '1800' in Apple.obj
     1>AIE_1st_Year_Framework_d.lib(AIE_Framework.obj) : error LNK2038: mismatch detected for '_MSC_VER': value '1700' doesn't match value '1800' in Apple.obj
     1>AIE_1st_Year_Framework_d.lib(Utilities.obj) : error LNK2038: mismatch detected for '_MSC_VER': value '1700' doesn't match value '1800' in Apple.obj
     1>AIE_1st_Year_Framework_d.lib(Gizmos.obj) : error LNK2038: mismatch detected for '_MSC_VER': value '1700' doesn't match value '1800' in Apple.obj
     1>AIE_1st_Year_Framework_d.lib(TextureManager.obj) : error LNK2038: mismatch detected for '_MSC_VER': value '1700' doesn't match value '1800' in Apple.obj
     1>AIE_1st_Year_Framework_d.lib(SpriteManager.obj) : error LNK2038: mismatch detected for '_MSC_VER': value '1700' doesn't match value '1800' in Apple.obj
     1>AIE_1st_Year_Framework_d.lib(FontManager.obj) : error LNK2038: mismatch detected for '_MSC_VER': value '1700' doesn't match value '1800' in Apple.obj
         AIE_1st_Year_Framework_d.lib(SOIL.obj) : MSIL .netmodule or module compiled with /GL found; restarting link with /LTCG; add /LTCG to the link command line to improve linker performance
     1>LINK : warning LNK4075: ignoring '/INCREMENTAL' due to '/LTCG' specification
     1>sqlite3.obj : warning LNK4075: ignoring '/EDITANDCONTINUE' due to '/OPT:LBR' specification
     1>AIE_1st_Year_Framework_d.lib(AIE.obj) : error LNK2038: mismatch detected for '_MSC_VER': value '1700' doesn't match value '1800' in Apple.obj
     1>AIE_1st_Year_Framework_d.lib(AIE_Framework.obj) : error LNK2038: mismatch detected for '_MSC_VER': value '1700' doesn't match value '1800' in Apple.obj
     1>AIE_1st_Year_Framework_d.lib(Utilities.obj) : error LNK2038: mismatch detected for '_MSC_VER': value '1700' doesn't match value '1800' in Apple.obj
     1>AIE_1st_Year_Framework_d.lib(Gizmos.obj) : error LNK2038: mismatch detected for '_MSC_VER': value '1700' doesn't match value '1800' in Apple.obj
     1>AIE_1st_Year_Framework_d.lib(TextureManager.obj) : error LNK2038: mismatch detected for '_MSC_VER': value '1700' doesn't match value '1800' in Apple.obj
     1>AIE_1st_Year_Framework_d.lib(SpriteManager.obj) : error LNK2038: mismatch detected for '_MSC_VER': value '1700' doesn't match value '1800' in Apple.obj
     1>AIE_1st_Year_Framework_d.lib(FontManager.obj) : error LNK2038: mismatch detected for '_MSC_VER': value '1700' doesn't match value '1800' in Apple.obj
     1>AIE_1st_Year_Framework_d.lib(Texture.obj) : error LNK2038: mismatch detected for '_MSC_VER': value '1700' doesn't match value '1800' in Apple.obj
     1>AIE_1st_Year_Framework_d.lib(BasicSprite.obj) : error LNK2038: mismatch detected for '_MSC_VER': value '1700' doesn't match value '1800' in Apple.obj
     1>AIE_1st_Year_Framework_d.lib(Font.obj) : error LNK2038: mismatch detected for '_MSC_VER': value '1700' doesn't match value '1800' in Apple.obj
     1>LINK : warning LNK4098: defaultlib 'LIBCMT' conflicts with use of other libs; use /NODEFAULTLIB:library
     1>LINK : warning LNK4098: defaultlib 'MSVCRT' conflicts with use of other libs; use /NODEFAULTLIB:library
     1>AIE_1st_Year_Framework_d.lib(Font.obj) : error LNK2001: unresolved external symbol "__declspec(dllimport) class std::basic_ostream<char,struct std::char_traits<char> > & __cdecl std::endl(class std::basic_ostream<char,struct std::char_traits<char> > &)" (__imp_?endl@std@@YAAAV?$basic_ostream@DU?$char_traits@D@std@@@1@AAV21@@Z)
     1>AIE_1st_Year_Framework_d.lib(AIE.obj) : error LNK2001: unresolved external symbol "__declspec(dllimport) class std::basic_ostream<char,struct std::char_traits<char> > & __cdecl std::endl(class std::basic_ostream<char,struct std::char_traits<char> > &)" (__imp_?endl@std@@YAAAV?$basic_ostream@DU?$char_traits@D@std@@@1@AAV21@@Z)
     1>AIE_1st_Year_Framework_d.lib(AIE_Framework.obj) : error LNK2001: unresolved external symbol "__declspec(dllimport) class std::basic_ostream<char,struct std::char_traits<char> > & __cdecl std::endl(class std::basic_ostream<char,struct std::char_traits<char> > &)" (__imp_?endl@std@@YAAAV?$basic_ostream@DU?$char_traits@D@std@@@1@AAV21@@Z)
     1>AIE_1st_Year_Framework_d.lib(Texture.obj) : error LNK2001: unresolved external symbol "__declspec(dllimport) class std::basic_ostream<char,struct std::char_traits<char> > & __cdecl std::endl(class std::basic_ostream<char,struct std::char_traits<char> > &)" (__imp_?endl@std@@YAAAV?$basic_ostream@DU?$char_traits@D@std@@@1@AAV21@@Z)
     1>AIE_1st_Year_Framework_d.lib(BasicSprite.obj) : error LNK2001: unresolved external symbol "__declspec(dllimport) class std::basic_ostream<char,struct std::char_traits<char> > & __cdecl std::endl(class std::basic_ostream<char,struct std::char_traits<char> > &)" (__imp_?endl@std@@YAAAV?$basic_ostream@DU?$char_traits@D@std@@@1@AAV21@@Z)
     1>bin\Flappy BAt_d.exe : fatal error LNK1120: 1 unresolved externals
     1>Done Building Project "C:\Users\shane.coates\shane.coates_AIE-Blue-21_2811\shane.coates_AIE-Blue-21_2811\2014_Cohort\1st_Year\Students\shane.coates_adv_green\Assessments\01 - Retro Game\Project Source\AIE Template.vcxproj" (Build target(s)) -- FAILED.

Build FAILED.

Time Elapsed 00:00:06.02
