c:\users\shane.coates\shane.coates_aie-blue-21_2811\shane.coates_aie-blue-21_2811\2014_cohort\1st_year\students\shane.coates_adv_green\assessments\01 - retro game\project source\obj\vc120.pdb
c:\users\shane.coates\shane.coates_aie-blue-21_2811\shane.coates_aie-blue-21_2811\2014_cohort\1st_year\students\shane.coates_adv_green\assessments\01 - retro game\project source\obj\vc120.idb
c:\users\shane.coates\shane.coates_aie-blue-21_2811\shane.coates_aie-blue-21_2811\2014_cohort\1st_year\students\shane.coates_adv_green\assessments\01 - retro game\project source\obj\sqlite3.obj
c:\users\shane.coates\shane.coates_aie-blue-21_2811\shane.coates_aie-blue-21_2811\2014_cohort\1st_year\students\shane.coates_adv_green\assessments\01 - retro game\project source\obj\apple.obj
c:\users\shane.coates\shane.coates_aie-blue-21_2811\shane.coates_aie-blue-21_2811\2014_cohort\1st_year\students\shane.coates_adv_green\assessments\01 - retro game\project source\obj\background.obj
c:\users\shane.coates\shane.coates_aie-blue-21_2811\shane.coates_aie-blue-21_2811\2014_cohort\1st_year\students\shane.coates_adv_green\assessments\01 - retro game\project source\obj\game.obj
c:\users\shane.coates\shane.coates_aie-blue-21_2811\shane.coates_aie-blue-21_2811\2014_cohort\1st_year\students\shane.coates_adv_green\assessments\01 - retro game\project source\obj\highscorestate.obj
c:\users\shane.coates\shane.coates_aie-blue-21_2811\shane.coates_aie-blue-21_2811\2014_cohort\1st_year\students\shane.coates_adv_green\assessments\01 - retro game\project source\obj\lamp.obj
c:\users\shane.coates\shane.coates_aie-blue-21_2811\shane.coates_aie-blue-21_2811\2014_cohort\1st_year\students\shane.coates_adv_green\assessments\01 - retro game\project source\obj\light.obj
c:\users\shane.coates\shane.coates_aie-blue-21_2811\shane.coates_aie-blue-21_2811\2014_cohort\1st_year\students\shane.coates_adv_green\assessments\01 - retro game\project source\obj\lightsoptions.obj
c:\users\shane.coates\shane.coates_aie-blue-21_2811\shane.coates_aie-blue-21_2811\2014_cohort\1st_year\students\shane.coates_adv_green\assessments\01 - retro game\project source\obj\menustate.obj
c:\users\shane.coates\shane.coates_aie-blue-21_2811\shane.coates_aie-blue-21_2811\2014_cohort\1st_year\students\shane.coates_adv_green\assessments\01 - retro game\project source\obj\main.obj
c:\users\shane.coates\shane.coates_aie-blue-21_2811\shane.coates_aie-blue-21_2811\2014_cohort\1st_year\students\shane.coates_adv_green\assessments\01 - retro game\project source\obj\newhighscore.obj
c:\users\shane.coates\shane.coates_aie-blue-21_2811\shane.coates_aie-blue-21_2811\2014_cohort\1st_year\students\shane.coates_adv_green\assessments\01 - retro game\project source\obj\optionstate.obj
c:\users\shane.coates\shane.coates_aie-blue-21_2811\shane.coates_aie-blue-21_2811\2014_cohort\1st_year\students\shane.coates_adv_green\assessments\01 - retro game\project source\obj\player.obj
c:\users\shane.coates\shane.coates_aie-blue-21_2811\shane.coates_aie-blue-21_2811\2014_cohort\1st_year\students\shane.coates_adv_green\assessments\01 - retro game\project source\obj\playstate.obj
c:\users\shane.coates\shane.coates_aie-blue-21_2811\shane.coates_aie-blue-21_2811\2014_cohort\1st_year\students\shane.coates_adv_green\assessments\01 - retro game\project source\obj\scoreentry.obj
c:\users\shane.coates\shane.coates_aie-blue-21_2811\shane.coates_aie-blue-21_2811\2014_cohort\1st_year\students\shane.coates_adv_green\assessments\01 - retro game\project source\obj\scrollingtext.obj
c:\users\shane.coates\shane.coates_aie-blue-21_2811\shane.coates_aie-blue-21_2811\2014_cohort\1st_year\students\shane.coates_adv_green\assessments\01 - retro game\project source\obj\soundoptions.obj
c:\users\shane.coates\shane.coates_aie-blue-21_2811\shane.coates_aie-blue-21_2811\2014_cohort\1st_year\students\shane.coates_adv_green\assessments\01 - retro game\project source\obj\splashstate.obj
c:\users\shane.coates\shane.coates_aie-blue-21_2811\shane.coates_aie-blue-21_2811\2014_cohort\1st_year\students\shane.coates_adv_green\assessments\01 - retro game\project source\obj\wall.obj
c:\users\shane.coates\shane.coates_aie-blue-21_2811\shane.coates_aie-blue-21_2811\2014_cohort\1st_year\students\shane.coates_adv_green\assessments\01 - retro game\project source\obj\flappy bat.tlog\cl.command.1.tlog
c:\users\shane.coates\shane.coates_aie-blue-21_2811\shane.coates_aie-blue-21_2811\2014_cohort\1st_year\students\shane.coates_adv_green\assessments\01 - retro game\project source\obj\flappy bat.tlog\cl.read.1.tlog
c:\users\shane.coates\shane.coates_aie-blue-21_2811\shane.coates_aie-blue-21_2811\2014_cohort\1st_year\students\shane.coates_adv_green\assessments\01 - retro game\project source\obj\flappy bat.tlog\cl.write.1.tlog
c:\users\shane.coates\shane.coates_aie-blue-21_2811\shane.coates_aie-blue-21_2811\2014_cohort\1st_year\students\shane.coates_adv_green\assessments\01 - retro game\project source\obj\flappy bat.tlog\link.7024.read.1.tlog
c:\users\shane.coates\shane.coates_aie-blue-21_2811\shane.coates_aie-blue-21_2811\2014_cohort\1st_year\students\shane.coates_adv_green\assessments\01 - retro game\project source\obj\flappy bat.tlog\link.7024.write.1.tlog
c:\users\shane.coates\shane.coates_aie-blue-21_2811\shane.coates_aie-blue-21_2811\2014_cohort\1st_year\students\shane.coates_adv_green\assessments\01 - retro game\project source\obj\flappy bat.tlog\link.command.1.tlog
c:\users\shane.coates\shane.coates_aie-blue-21_2811\shane.coates_aie-blue-21_2811\2014_cohort\1st_year\students\shane.coates_adv_green\assessments\01 - retro game\project source\obj\flappy bat.tlog\link.read.1.tlog
c:\users\shane.coates\shane.coates_aie-blue-21_2811\shane.coates_aie-blue-21_2811\2014_cohort\1st_year\students\shane.coates_adv_green\assessments\01 - retro game\project source\obj\flappy bat.tlog\link.write.1.tlog
